<?xml version="1.0" encoding="UTF-8"?>
<!-- Generated by org.testng.reporters.JUnitXMLReporter -->
<testsuite ignored="0" hostname="YP1002465LT" failures="0" tests="3" name="Default test" time="31.45" errors="0" timestamp="11 Oct 2023 08:52:05 GMT">
  <testcase classname="com.mk.selenium.page.testclass" name="checkDashBoardScreen" time="13.077"/>
  <testcase classname="com.mk.selenium.page.testclass" name="checkDashBoardScreendef" time="0.002">
    <skipped/>
  </testcase> <!-- checkDashBoardScreendef -->
  <testcase classname="com.mk.selenium.page.testclass" name="timeSheetModuleTest" time="2.647"/>
</testsuite> <!-- Default test -->
